0 silly input [ 'publish' ]
1 silly flags { _: [ 'publish' ], 'reject-cycles': false, rejectCycles: false }
2 verbose rootPath /Users/qinmudi/ericqin/tencentGilab/2018work/wiiui
3 info version 2.9.0
4 warn deprecated `publishConfig.ignore` has been replaced by `command.publish.ignore`.
5 silly isInitialized
6 silly isInitialized true
7 silly existsSync /Users/qinmudi/ericqin/tencentGilab/2018work/wiiui/VERSION
8 info versioning independent
9 info ignore [ 'node_modules', 'log.*' ]
10 silly initialize attempt
11 silly isDetachedHead
12 silly getCurrentBranch
13 verbose getCurrentBranch master
14 verbose isDetachedHead false
15 silly getCurrentBranch
16 verbose getCurrentBranch master
17 silly getUpdates
18 info Checking for updated packages...
19 silly hasTags
20 verbose hasTags true
21 silly getLastTag
22 verbose getLastTag wii-dialog@1.0.6
23 info Comparing with wii-dialog@1.0.6.
24 silly diffSinceIn wii-dialog@1.0.6 packages/wii-core
25 silly diff
26 silly diffSinceIn wii-dialog@1.0.6 packages/wii-dialog
27 silly diff packages/wii-dialog/package.json
28 verbose updated wii-dialog
29 info Checking for prereleased packages...
30 silly collectDependents
31 silly isPackageDependentOf wii-core wii-dialog
32 silly isPackageDependentOf wii-dialog wii-dialog
33 silly isPackageDependentOf wii-core wii-dialog
34 silly collectUpdates
35 verbose has filtered update wii-dialog
36 silly initialize success
37 silly execute attempt
38 silly runScriptSync preversion wiiui
39 silly runScriptSync preversion wii-dialog
40 silly runScriptSync version wii-dialog
41 silly runScriptSync version wiiui
42 silly addFile /Users/qinmudi/ericqin/tencentGilab/2018work/wiiui/packages/wii-dialog/package.json
43 silly commit Publish
43 silly commit
43 silly commit  - wii-dialog@1.0.7
44 verbose commit [ 'commit',
44 verbose commit   '--no-verify',
44 verbose commit   '-F',
44 verbose commit   '/private/var/folders/zq/ckw2jpvn133cbd9457qzl4b00000gq/T/adbe3131-2588-4168-abfd-d8a555b51c22/lerna-commit.txt' ]
45 silly addTag wii-dialog@1.0.7
46 silly runScriptSync postversion wii-dialog
47 silly runScriptSync postversion wiiui
48 info publish Publishing packages to npm...
49 silly existsSync /Users/qinmudi/ericqin/tencentGilab/2018work/wiiui/packages/wii-dialog/scripts/prepublish.js
50 verbose execScript No prepublish script found at /Users/qinmudi/ericqin/tencentGilab/2018work/wiiui/packages/wii-dialog/scripts/prepublish.js
51 verbose publishing wii-dialog
52 silly publishTaggedInDir latest wii-dialog
53 silly getExecOpts { cwd: '/Users/qinmudi/ericqin/tencentGilab/2018work/wiiui/packages/wii-dialog' }
54 error publish Retrying failed publish: wii-dialog
55 verbose publish error undefined
56 verbose publishing wii-dialog
57 silly publishTaggedInDir latest wii-dialog
58 silly getExecOpts { cwd: '/Users/qinmudi/ericqin/tencentGilab/2018work/wiiui/packages/wii-dialog' }
59 error publish Retrying failed publish: wii-dialog
60 verbose publish error undefined
61 verbose publishing wii-dialog
62 silly publishTaggedInDir latest wii-dialog
63 silly getExecOpts { cwd: '/Users/qinmudi/ericqin/tencentGilab/2018work/wiiui/packages/wii-dialog' }
64 error publish Retrying failed publish: wii-dialog
65 verbose publish error undefined
66 verbose publishing wii-dialog
67 silly publishTaggedInDir latest wii-dialog
68 silly getExecOpts { cwd: '/Users/qinmudi/ericqin/tencentGilab/2018work/wiiui/packages/wii-dialog' }
69 error publish Retrying failed publish: wii-dialog
70 verbose publish error undefined
71 verbose publishing wii-dialog
72 silly publishTaggedInDir latest wii-dialog
73 silly getExecOpts { cwd: '/Users/qinmudi/ericqin/tencentGilab/2018work/wiiui/packages/wii-dialog' }
74 error publish Ran out of retries while publishing wii-dialog Error: Command failed: npm publish --tag latest
74 error publish npm ERR! publish Failed PUT 401
74 error publish npm ERR! code E401
74 error publish npm ERR! 404 unauthorized Login first: wii-dialog
74 error publish npm ERR! 404
74 error publish npm ERR! 404  'wii-dialog' is not in the npm registry.
74 error publish npm ERR! 404 You should bug the author to publish it (or use the name yourself!)
74 error publish npm ERR! 404
74 error publish npm ERR! 404 Note that you can also install from a
74 error publish npm ERR! 404 tarball, folder, http url, or git url.
74 error publish
74 error publish npm ERR! A complete log of this run can be found in:
74 error publish npm ERR!     /Users/ericqin/.npm/_logs/2018-02-19T11_08_00_772Z-debug.log
74 error publish
74 error publish     at Promise.all.then.arr (/usr/local/lib/node_modules/lerna/node_modules/execa/index.js:236:11)
74 error publish     at <anonymous>
74 error publish     at process._tickCallback (internal/process/next_tick.js:188:7)
75 error execute callback with error
76 error Error: Command failed: npm publish --tag latest
76 error npm ERR! publish Failed PUT 401
76 error npm ERR! code E401
76 error npm ERR! 404 unauthorized Login first: wii-dialog
76 error npm ERR! 404
76 error npm ERR! 404  'wii-dialog' is not in the npm registry.
76 error npm ERR! 404 You should bug the author to publish it (or use the name yourself!)
76 error npm ERR! 404
76 error npm ERR! 404 Note that you can also install from a
76 error npm ERR! 404 tarball, folder, http url, or git url.
76 error
76 error npm ERR! A complete log of this run can be found in:
76 error npm ERR!     /Users/ericqin/.npm/_logs/2018-02-19T11_08_00_772Z-debug.log
76 error
76 error     at Promise.all.then.arr (/usr/local/lib/node_modules/lerna/node_modules/execa/index.js:236:11)
76 error     at <anonymous>
